INFO  [Thread-0] 2020-05-06 23:05:56,583 repast.simphony.batch.ssh.LocalSession - WARNING: An illegal reflective access operation has occurred
INFO  [Thread-0] 2020-05-06 23:05:56,583 repast.simphony.batch.ssh.LocalSession - WARNING: Illegal reflective access by com.thoughtworks.xstream.core.util.Fields (file:/C:/Users/z7112/AppData/Local/Temp/simphony_model_1588824335645/lib/xstream-1.4.7.jar) to field java.util.TreeMap.comparator
INFO  [Thread-0] 2020-05-06 23:05:56,586 repast.simphony.batch.ssh.LocalSession - WARNING: Please consider reporting this to the maintainers of com.thoughtworks.xstream.core.util.Fields
INFO  [Thread-0] 2020-05-06 23:05:56,586 repast.simphony.batch.ssh.LocalSession - WARNING: Use --illegal-access=warn to enable warnings of further illegal reflective access operations
INFO  [Thread-0] 2020-05-06 23:05:56,586 repast.simphony.batch.ssh.LocalSession - WARNING: All illegal access operations will be denied in a future release
INFO  [Thread-0] 2020-05-06 23:05:56,713 repast.simphony.batch.ssh.LocalSession - WARNING: An illegal reflective access operation has occurred
INFO  [Thread-0] 2020-05-06 23:05:56,713 repast.simphony.batch.ssh.LocalSession - WARNING: Illegal reflective access by com.thoughtworks.xstream.core.util.Fields (file:/C:/Users/z7112/AppData/Local/Temp/simphony_model_1588824335645/lib/xstream-1.4.7.jar) to field java.util.TreeMap.comparator
INFO  [Thread-0] 2020-05-06 23:05:56,713 repast.simphony.batch.ssh.LocalSession - WARNING: Please consider reporting this to the maintainers of com.thoughtworks.xstream.core.util.Fields
INFO  [Thread-0] 2020-05-06 23:05:56,713 repast.simphony.batch.ssh.LocalSession - WARNING: Use --illegal-access=warn to enable warnings of further illegal reflective access operations
INFO  [Thread-0] 2020-05-06 23:05:56,713 repast.simphony.batch.ssh.LocalSession - WARNING: All illegal access operations will be denied in a future release
INFO  [pool-2-thread-1] 2020-05-06 23:06:39,583 repast.simphony.batch.ssh.LocalDonePoller - Polled C:\Users\z7112\AppData\Local\Temp\simphony_model_1588824335645 for DONE:  no
INFO  [pool-2-thread-1] 2020-05-06 23:07:39,583 repast.simphony.batch.ssh.LocalDonePoller - Polled C:\Users\z7112\AppData\Local\Temp\simphony_model_1588824335645 for DONE:  no
INFO  [pool-2-thread-1] 2020-05-06 23:08:39,599 repast.simphony.batch.ssh.LocalDonePoller - Polled C:\Users\z7112\AppData\Local\Temp\simphony_model_1588824335645 for DONE:  no
INFO  [pool-2-thread-1] 2020-05-06 23:09:39,614 repast.simphony.batch.ssh.LocalDonePoller - Polled C:\Users\z7112\AppData\Local\Temp\simphony_model_1588824335645 for DONE:  no
INFO  [pool-2-thread-1] 2020-05-06 23:10:39,630 repast.simphony.batch.ssh.LocalDonePoller - Polled C:\Users\z7112\AppData\Local\Temp\simphony_model_1588824335645 for DONE:  no
INFO  [pool-2-thread-1] 2020-05-06 23:11:39,630 repast.simphony.batch.ssh.LocalDonePoller - Polled C:\Users\z7112\AppData\Local\Temp\simphony_model_1588824335645 for DONE:  no
INFO  [pool-2-thread-1] 2020-05-06 23:12:39,631 repast.simphony.batch.ssh.LocalDonePoller - Polled C:\Users\z7112\AppData\Local\Temp\simphony_model_1588824335645 for DONE:  no
INFO  [pool-2-thread-1] 2020-05-06 23:13:39,645 repast.simphony.batch.ssh.LocalDonePoller - Polled C:\Users\z7112\AppData\Local\Temp\simphony_model_1588824335645 for DONE:  no
INFO  [pool-2-thread-1] 2020-05-06 23:14:39,646 repast.simphony.batch.ssh.LocalDonePoller - Polled C:\Users\z7112\AppData\Local\Temp\simphony_model_1588824335645 for DONE:  no
INFO  [pool-2-thread-1] 2020-05-06 23:15:39,649 repast.simphony.batch.ssh.LocalDonePoller - Polled C:\Users\z7112\AppData\Local\Temp\simphony_model_1588824335645 for DONE:  no
INFO  [pool-2-thread-1] 2020-05-06 23:16:39,661 repast.simphony.batch.ssh.LocalDonePoller - Polled C:\Users\z7112\AppData\Local\Temp\simphony_model_1588824335645 for DONE:  no
INFO  [pool-2-thread-1] 2020-05-06 23:17:39,661 repast.simphony.batch.ssh.LocalDonePoller - Polled C:\Users\z7112\AppData\Local\Temp\simphony_model_1588824335645 for DONE:  no
INFO  [pool-2-thread-1] 2020-05-06 23:18:39,677 repast.simphony.batch.ssh.LocalDonePoller - Polled C:\Users\z7112\AppData\Local\Temp\simphony_model_1588824335645 for DONE:  no
INFO  [pool-2-thread-1] 2020-05-06 23:19:39,692 repast.simphony.batch.ssh.LocalDonePoller - Polled C:\Users\z7112\AppData\Local\Temp\simphony_model_1588824335645 for DONE:  no
INFO  [pool-2-thread-1] 2020-05-06 23:20:39,692 repast.simphony.batch.ssh.LocalDonePoller - Polled C:\Users\z7112\AppData\Local\Temp\simphony_model_1588824335645 for DONE:  no
INFO  [pool-2-thread-1] 2020-05-06 23:21:39,697 repast.simphony.batch.ssh.LocalDonePoller - Polled C:\Users\z7112\AppData\Local\Temp\simphony_model_1588824335645 for DONE:  no
INFO  [pool-2-thread-1] 2020-05-06 23:22:39,698 repast.simphony.batch.ssh.LocalDonePoller - Polled C:\Users\z7112\AppData\Local\Temp\simphony_model_1588824335645 for DONE:  no
INFO  [pool-2-thread-1] 2020-05-06 23:23:39,700 repast.simphony.batch.ssh.LocalDonePoller - Polled C:\Users\z7112\AppData\Local\Temp\simphony_model_1588824335645 for DONE:  no
INFO  [pool-2-thread-1] 2020-05-06 23:24:39,711 repast.simphony.batch.ssh.LocalDonePoller - Polled C:\Users\z7112\AppData\Local\Temp\simphony_model_1588824335645 for DONE:  no
INFO  [pool-2-thread-1] 2020-05-06 23:25:39,712 repast.simphony.batch.ssh.LocalDonePoller - Polled C:\Users\z7112\AppData\Local\Temp\simphony_model_1588824335645 for DONE:  yes
INFO  [SwingWorker-pool-1-thread-1] 2020-05-06 23:25:39,730 repast.simphony.batch.ssh.SessionsDriver - Run Time: 20.0144
INFO  [SwingWorker-pool-1-thread-1] 2020-05-06 23:25:39,809 repast.simphony.batch.ssh.LocalSession - Finding output on localhost in C:\Users\z7112\AppData\Local\Temp\simphony_model_1588824335645
INFO  [SwingWorker-pool-1-thread-1] 2020-05-06 23:25:39,824 repast.simphony.batch.ssh.SessionsDriver - Aggregating output into C:/Users/z7112/git/TreasureHunters/output
INFO  [SwingWorker-pool-1-thread-1] 2020-05-06 23:25:39,996 repast.simphony.batch.ssh.SessionsDriver - Get Output Time: 0.0044
INFO  [SwingWorker-pool-1-thread-1] 2020-05-06 23:25:39,996 repast.simphony.batch.ssh.SessionsDriver - Finished. Elapsed Time: 20.0728
