2020-04-21 21:51:47,113 - Velocimacro : autoload off  : VM system will not automatically reload global library macros
2020-04-21 21:51:47,113 - Velocimacro : initialization complete.
2020-04-21 21:51:47,113 - Velocity successfully started.
2020-04-21 23:16:05,586 - SimpleLog4JLogSystem initialized using logfile 'velocity.log'
2020-04-21 23:16:05,586 - ************************************************************** 
2020-04-21 23:16:05,586 - Starting Jakarta Velocity v1.4
2020-04-21 23:16:05,586 - RuntimeInstance initializing.
2020-04-21 23:16:05,586 - Default Properties File: org\apache\velocity\runtime\defaults\velocity.properties
2020-04-21 23:16:05,586 - Trying to use logger class org.apache.velocity.runtime.log.SimpleLog4JLogSystem
2020-04-21 23:16:05,590 - Using logger class org.apache.velocity.runtime.log.SimpleLog4JLogSystem
2020-04-21 23:16:05,594 - Default ResourceManager initializing. (class org.apache.velocity.runtime.resource.ResourceManagerImpl)
2020-04-21 23:16:05,598 - Resource Loader Instantiated: org.apache.velocity.runtime.resource.loader.ClasspathResourceLoader
2020-04-21 23:16:05,598 - ClasspathResourceLoader : initialization starting.
2020-04-21 23:16:05,598 - ClasspathResourceLoader : initialization complete.
2020-04-21 23:16:05,598 - ResourceCache : initialized. (class org.apache.velocity.runtime.resource.ResourceCacheImpl)
2020-04-21 23:16:05,598 - Default ResourceManager initialization complete.
2020-04-21 23:16:05,602 - Loaded System Directive: org.apache.velocity.runtime.directive.Literal
2020-04-21 23:16:05,602 - Loaded System Directive: org.apache.velocity.runtime.directive.Macro
2020-04-21 23:16:05,608 - Loaded System Directive: org.apache.velocity.runtime.directive.Parse
2020-04-21 23:16:05,609 - Loaded System Directive: org.apache.velocity.runtime.directive.Include
2020-04-21 23:16:05,610 - Loaded System Directive: org.apache.velocity.runtime.directive.Foreach
2020-04-21 23:16:05,644 - Created: 20 parsers.
2020-04-21 23:16:05,650 - Velocimacro : initialization starting.
2020-04-21 23:16:05,650 - Velocimacro : adding VMs from VM library template : VM_global_library.vm
2020-04-21 23:16:05,654 - ResourceManager : unable to find resource 'VM_global_library.vm' in any resource loader.
2020-04-21 23:16:05,654 - Velocimacro : error using  VM library template VM_global_library.vm : org.apache.velocity.exception.ResourceNotFoundException: Unable to find resource 'VM_global_library.vm'
2020-04-21 23:16:05,654 - Velocimacro :  VM library template macro registration complete.
2020-04-21 23:16:05,654 - Velocimacro : allowInline = true : VMs can be defined inline in templates
2020-04-21 23:16:05,654 - Velocimacro : allowInlineToOverride = false : VMs defined inline may NOT replace previous VM definitions
2020-04-21 23:16:05,654 - Velocimacro : allowInlineLocal = false : VMs defined inline will be  global in scope if allowed.
2020-04-21 23:16:05,654 - Velocimacro : messages on  : VM system will output logging messages
2020-04-21 23:16:05,654 - Velocimacro : autoload off  : VM system will not automatically reload global library macros
2020-04-21 23:16:05,654 - Velocimacro : initialization complete.
2020-04-21 23:16:05,654 - Velocity successfully started.
